<?xml version="1.0" encoding="UTF-8"?>
<!-- Generated by org.testng.reporters.JUnitXMLReporter -->
<testsuite hostname="sukumarb" ignored="0" name="Test" tests="2" failures="1" timestamp="28 Oct 2018 15:48:43 GMT" time="79.76" errors="0">
  <testcase name="testCase_01" time="10.134" classname="testcase.Validation"/>
  <testcase name="testCase_02" time="58.41" classname="testcase.Validation">
    <failure type="atu.testng.reports.exceptions.ATUReporterStepFailedException">
      <![CDATA[[ATU Custom Reporter Step Failed Exception]
at atu.testng.reports.listeners.ATUReportsListener.onTestSuccess(Unknown Source)
... Removed 22 stack frames]]>
    </failure>
  </testcase> <!-- testCase_02 -->
</testsuite> <!-- Test -->
